---------------------------------------------------------------
[ 2018-12-03T17:20:02+08:00 ] 127.0.0.1 POST www.dcapp.com:51001/api/product
[ tmy ] array (
  'route' => '/api/product',
  'param' => 
  array (
    'userId' => '1',
    'columnId' => '',
    'type' => '1',
    'order' => '1',
    'page' => '1',
    'screen' => '',
  ),
  'time' => '2018-12-03 17:20:02',
)
---------------------------------------------------------------
[ 2018-12-03T17:21:38+08:00 ] 127.0.0.1 POST www.dcapp.com:51001/api/product
[ tmy ] array (
  'route' => '/api/product',
  'param' => 
  array (
    'userId' => '1',
    'columnId' => '',
    'type' => '1',
    'order' => '1',
    'page' => '1',
    'screen' => '',
  ),
  'time' => '2018-12-03 17:21:38',
)
---------------------------------------------------------------
[ 2018-12-03T17:21:39+08:00 ] 127.0.0.1 POST www.dcapp.com:51001/api/product
[ tmy ] 运行时间为：0.19095015525818
