---------------------------------------------------------------
[ 2018-12-04T18:15:41+08:00 ] 192.168.1.123 POST 192.168.1.23:51001/api/page?data=1jbOvIhSviB+sbzaDPctki6caL2C67msbYJUd/gNHt/RVklDemz3HrYv2Xa7AX8N2EmRdA3OXw7v3POmV6WE2Uhk31V7aesu0AU9eqKciwo/LR2jqf0+dkUYD3qDkA6eUvg+DEYuInrAyUFkLjwhH4a5e1rMLgPA4yKodjoBVn3qOieewJQDu7DOr8gyaojO
[ tmy ] array (
  'route' => '/api/page?data=1jbOvIhSviB+sbzaDPctki6caL2C67msbYJUd/gNHt/RVklDemz3HrYv2Xa7AX8N2EmRdA3OXw7v3POmV6WE2Uhk31V7aesu0AU9eqKciwo/LR2jqf0+dkUYD3qDkA6eUvg+DEYuInrAyUFkLjwhH4a5e1rMLgPA4yKodjoBVn3qOieewJQDu7DOr8gyaojO',
  'param' => 
  array (
    'articleId' => '2',
    'userId' => '1',
    'commentId' => '0',
    'content' => '玛丽哪里不不不',
  ),
  'time' => '2018-12-04 18:15:41',
)
---------------------------------------------------------------
[ 2018-12-04T18:16:21+08:00 ] 192.168.1.123 POST 192.168.1.23:51001/api/page?data=1jbOvIhSviB+sbzaDPctki6caL2C67msbYJUd/gNHt/RVklDemz3HrYv2Xa7AX8N2EmRdA3OXw7v3POmV6WE2Uhk31V7aesu0AU9eqKciwo/LR2jqf0+dkUYD3qDkA6eUvg+DEYuInrAyUFkLjwhH4a5e1rMLgPA4yKodjoBVn3qOieewJQDu7DOr8gyaojO
[ tmy ] array (
  'route' => '/api/page?data=1jbOvIhSviB+sbzaDPctki6caL2C67msbYJUd/gNHt/RVklDemz3HrYv2Xa7AX8N2EmRdA3OXw7v3POmV6WE2Uhk31V7aesu0AU9eqKciwo/LR2jqf0+dkUYD3qDkA6eUvg+DEYuInrAyUFkLjwhH4a5e1rMLgPA4yKodjoBVn3qOieewJQDu7DOr8gyaojO',
  'param' => 
  array (
    'articleId' => '2',
    'userId' => '1',
    'commentId' => '0',
    'content' => '玛丽哪里不不不',
  ),
  'time' => '2018-12-04 18:16:21',
)
