---------------------------------------------------------------
[ 2018-12-05T15:27:56+08:00 ] 127.0.0.1 POST www.dcapp.com:51001/api/setUserInfo
[ tmy ] array (
  'route' => '/api/setUserInfo',
  'param' => 
  array (
    'userId' => '1',
    'type' => '3',
    'data' => '1',
  ),
  'time' => '2018-12-05 15:27:56',
)
---------------------------------------------------------------
[ 2018-12-05T15:31:34+08:00 ] 127.0.0.1 POST www.dcapp.com:51001/api/setUserInfo
[ tmy ] array (
  'route' => '/api/setUserInfo',
  'param' => 
  array (
    'userId' => '15',
    'type' => '3',
    'data' => '1',
  ),
  'time' => '2018-12-05 15:31:34',
)
---------------------------------------------------------------
[ 2018-12-05T15:34:48+08:00 ] 127.0.0.1 POST www.dcapp.com:51001/api/setUserInfo
[ tmy ] array (
  'route' => '/api/setUserInfo',
  'param' => 
  array (
    'userId' => '15',
    'type' => '3',
    'data' => '1',
  ),
  'time' => '2018-12-05 15:34:48',
)
---------------------------------------------------------------
[ 2018-12-05T15:35:12+08:00 ] 127.0.0.1 POST www.dcapp.com:51001/api/setUserInfo
[ tmy ] array (
  'route' => '/api/setUserInfo',
  'param' => 
  array (
    'userId' => '15',
    'type' => '3',
    'data' => '1',
  ),
  'time' => '2018-12-05 15:35:12',
)
---------------------------------------------------------------
[ 2018-12-05T15:36:23+08:00 ] 127.0.0.1 POST www.dcapp.com:51001/api/setUserInfo
[ tmy ] array (
  'route' => '/api/setUserInfo',
  'param' => 
  array (
    'userId' => '15',
    'type' => '3',
    'data' => '1',
  ),
  'time' => '2018-12-05 15:36:23',
)
---------------------------------------------------------------
[ 2018-12-05T15:37:07+08:00 ] 127.0.0.1 POST www.dcapp.com:51001/api/setUserInfo
[ tmy ] array (
  'route' => '/api/setUserInfo',
  'param' => 
  array (
    'userId' => '15',
    'type' => '3',
    'data' => '1',
  ),
  'time' => '2018-12-05 15:37:07',
)
---------------------------------------------------------------
[ 2018-12-05T15:37:54+08:00 ] 127.0.0.1 POST www.dcapp.com:51001/api/setUserInfo
[ tmy ] array (
  'route' => '/api/setUserInfo',
  'param' => 
  array (
    'userId' => '15',
    'type' => '3',
    'data' => '1',
  ),
  'time' => '2018-12-05 15:37:54',
)
---------------------------------------------------------------
[ 2018-12-05T15:38:07+08:00 ] 127.0.0.1 POST www.dcapp.com:51001/api/setUserInfo
[ tmy ] array (
  'route' => '/api/setUserInfo',
  'param' => 
  array (
    'userId' => '15',
    'type' => '3',
    'data' => '1',
  ),
  'time' => '2018-12-05 15:38:07',
)
