---------------------------------------------------------------
[ 2018-12-10T14:57:28+08:00 ] 127.0.0.1 POST www.dcapp.com:51001/api/register
[ tmy ] array (
  'route' => '/api/register',
  'param' => 
  array (
    'phone' => '13111112222',
    'pass' => '111111',
    'ip' => '127.0.0.1',
    'pid' => '1',
  ),
  'time' => '2018-12-10 14:57:28',
)
---------------------------------------------------------------
[ 2018-12-10T15:08:20+08:00 ] 127.0.0.1 POST www.dcapp.com:51001/api/register
[ tmy ] array (
  'route' => '/api/register',
  'param' => 
  array (
    'phone' => '13111112222',
    'pass' => '111111',
    'ip' => '127.0.0.1',
    'ident' => '668442',
  ),
  'time' => '2018-12-10 15:08:20',
)
---------------------------------------------------------------
[ 2018-12-10T15:08:34+08:00 ] 127.0.0.1 POST www.dcapp.com:51001/api/register
[ tmy ] array (
  'route' => '/api/register',
  'param' => 
  array (
    'phone' => '13111112222',
    'pass' => '111111',
    'ip' => '127.0.0.1',
    'ident' => '668442',
  ),
  'time' => '2018-12-10 15:08:34',
)
---------------------------------------------------------------
[ 2018-12-10T15:10:30+08:00 ] 127.0.0.1 POST www.dcapp.com:51001/api/register
[ tmy ] array (
  'route' => '/api/register',
  'param' => 
  array (
    'phone' => '13111112221',
    'pass' => '111111',
    'ip' => '127.0.0.1',
    'ident' => '668442',
  ),
  'time' => '2018-12-10 15:10:30',
)
---------------------------------------------------------------
[ 2018-12-10T15:12:45+08:00 ] 127.0.0.1 POST www.dcapp.com:51001/api/register
[ tmy ] array (
  'route' => '/api/register',
  'param' => 
  array (
    'phone' => '13111112220',
    'pass' => '111111',
    'ip' => '127.0.0.1',
    'ident' => '668442',
  ),
  'time' => '2018-12-10 15:12:45',
)
---------------------------------------------------------------
[ 2018-12-10T15:16:21+08:00 ] 127.0.0.1 POST www.dcapp.com:51001/api/register
[ tmy ] array (
  'route' => '/api/register',
  'param' => 
  array (
    'phone' => '13111112219',
    'pass' => '111111',
    'ip' => '127.0.0.1',
    'ident' => '668442',
  ),
  'time' => '2018-12-10 15:16:21',
)
---------------------------------------------------------------
[ 2018-12-10T15:18:09+08:00 ] 127.0.0.1 POST www.dcapp.com:51001/api/register
[ tmy ] array (
  'route' => '/api/register',
  'param' => 
  array (
    'phone' => '13111112218',
    'pass' => '111111',
    'ip' => '127.0.0.1',
    'ident' => '668442',
  ),
  'time' => '2018-12-10 15:18:09',
)
---------------------------------------------------------------
[ 2018-12-10T15:20:16+08:00 ] 127.0.0.1 POST www.dcapp.com:51001/api/register
[ tmy ] array (
  'route' => '/api/register',
  'param' => 
  array (
    'phone' => '13111112217',
    'pass' => '111111',
    'ip' => '127.0.0.1',
    'ident' => '668442',
  ),
  'time' => '2018-12-10 15:20:16',
)
---------------------------------------------------------------
[ 2018-12-10T15:25:46+08:00 ] 127.0.0.1 POST www.dcapp.com:51001/api/register
[ tmy ] array (
  'route' => '/api/register',
  'param' => 
  array (
    'phone' => '13111112217',
    'pass' => '111111',
    'ip' => '127.0.0.1',
    'ident' => '668442',
  ),
  'time' => '2018-12-10 15:25:46',
)
---------------------------------------------------------------
[ 2018-12-10T15:26:48+08:00 ] 127.0.0.1 POST www.dcapp.com:51001/api/register
[ tmy ] array (
  'route' => '/api/register',
  'param' => 
  array (
    'phone' => '13111112217',
    'pass' => '111111',
    'ip' => '127.0.0.1',
    'ident' => '668442',
  ),
  'time' => '2018-12-10 15:26:48',
)
