Send POST https://api.jpush.cn/v3/push, body:{"platform":"all","audience":"all","notification":{"alert":"\u7ea2\u5149\u94b1\u5305"},"options":{"sendno":841026924,"apns_production":false}}, times:1
Send POST https://api.jpush.cn/v3/push, body:{"platform":"all","audience":"all","notification":{"alert":"\u7ea2\u5149\u94b1\u5305"},"options":{"sendno":1285646638,"apns_production":false}}, times:1
Send POST https://api.jpush.cn/v3/push, body:{"platform":"all","audience":"all","notification":{"alert":"\u7ea2\u5149\u94b1\u5305"},"options":{"sendno":1739055895,"apns_production":false}}, times:1
Send POST https://api.jpush.cn/v3/push, body:{"platform":"all","audience":"all","notification":{"alert":"\u7ea2\u5149\u94b1\u5305"},"options":{"sendno":1064128893,"apns_production":false}}, times:1
Send POST https://api.jpush.cn/v3/push, body:{"platform":"all","audience":"all","notification":{"alert":"\u7ea2\u5149\u94b1\u5305"},"options":{"sendno":1545491194,"apns_production":false}}, times:1
Send POST https://api.jpush.cn/v3/push, body:{"platform":"all","audience":"all","notification":{"alert":"\u6781\u5149\u63a8\u9001\uff0c\u7ea2\u5149\u94b1\u5305"},"options":{"sendno":451553152,"apns_production":false}}, times:1
Send POST https://api.jpush.cn/v3/push, body:{"platform":"all","audience":"all","notification":{"alert":"\u6781\u5149\u63a8\u9001\uff0c\u7ea2\u5149\u94b1\u5305"},"options":{"sendno":243077124,"apns_production":false}}, times:1
Send POST https://api.jpush.cn/v3/push, body:{"platform":"all","audience":"all","notification":{"alert":"\u6781\u5149\u63a8\u9001\uff0c\u7ea2\u5149\u94b1\u5305"},"options":{"sendno":1407782654,"apns_production":false}}, times:1
Send POST https://api.jpush.cn/v3/push, body:{"platform":"all","audience":"all","notification":{"alert":"\u6781\u5149\u63a8\u9001\uff0c\u7ea2\u5149\u94b1\u5305"},"options":{"sendno":1058898325,"apns_production":false}}, times:1
Send POST https://api.jpush.cn/v3/push, body:{"platform":"all","audience":"all","notification":{"alert":"\u6781\u5149\u63a8\u9001\uff0c\u7ea2\u5149\u94b1\u5305"},"options":{"sendno":455803579,"apns_production":false}}, times:1
Send POST https://api.jpush.cn/v3/push, body:{"platform":"all","audience":"all","notification":{"alert":"\u6781\u5149\u63a8\u9001\uff0c\u7ea2\u5149\u94b1\u5305"},"options":{"sendno":1911888290,"apns_production":false}}, times:1
Send POST https://api.jpush.cn/v3/push, body:{"platform":"all","audience":"all","notification":{"alert":"\u6781\u5149\u63a8\u9001\uff0c\u7ea2\u5149\u94b1\u5305"},"options":{"sendno":960844947,"apns_production":false}}, times:1
Send POST https://api.jpush.cn/v3/push, body:{"platform":"all","audience":"all","notification":{"alert":"\u6781\u5149\u63a8\u9001\uff0c\u7ea2\u5149\u94b1\u5305"},"options":{"sendno":2090990143,"apns_production":false}}, times:1
Send POST https://api.jpush.cn/v3/push, body:{"platform":"all","audience":"all","notification":{"alert":"\u6781\u5149\u63a8\u9001\uff0c\u7ea2\u5149\u94b1\u5305"},"options":{"sendno":2134319558,"apns_production":false}}, times:1
Send POST https://api.jpush.cn/v3/push, body:{"platform":"all","audience":"all","notification":{"alert":"\u6781\u5149\u63a8\u9001\uff0c\u7ea2\u5149\u94b1\u5305"},"options":{"sendno":1843920558,"apns_production":false}}, times:1
Send POST https://api.jpush.cn/v3/push, body:{"platform":"all","audience":"all","notification":{"alert":"\u6781\u5149\u63a8\u9001\uff0c\u7ea2\u5149\u94b1\u5305"},"options":{"sendno":2125857443,"apns_production":false}}, times:1
Send POST https://api.jpush.cn/v3/push, body:{"platform":"all","audience":"all","notification":{"alert":"\u6781\u5149\u63a8\u9001\uff0c\u7ea2\u5149\u94b1\u5305"},"options":{"sendno":815689052,"apns_production":false}}, times:1
Send POST https://api.jpush.cn/v3/push, body:{"platform":"all","audience":"all","notification":{"alert":"\u6781\u5149\u63a8\u9001\uff0c\u7ea2\u5149\u94b1\u5305"},"options":{"sendno":1849358004,"apns_production":false}}, times:1
Send POST https://api.jpush.cn/v3/push, body:{"platform":"all","audience":"all","notification":{"alert":"\u6781\u5149\u63a8\u9001\uff0c\u7ea2\u5149\u94b1\u5305"},"options":{"sendno":1730805593,"apns_production":false}}, times:1
Send POST https://api.jpush.cn/v3/push, body:{"platform":"all","audience":"all","notification":{"alert":"\u6781\u5149\u63a8\u9001\uff0c\u7ea2\u5149\u94b1\u5305"},"options":{"sendno":245202576,"apns_production":false}}, times:1
Send POST https://api.jpush.cn/v3/push, body:{"platform":"all","audience":"all","notification":{"alert":"\u7ea2\u5149\u94b1\u5305\u7ea2\u5149\u94b1\u5305"},"options":{"sendno":1287583178,"apns_production":false}}, times:1
Send POST https://api.jpush.cn/v3/push, body:{"platform":"all","audience":"all","notification":{"alert":"\u8fd9\u662f\u4e00\u6761\u6d4b\u8bd5\u6d88\u606f\uff0c\u8fd9\u662f\u4e00\u6761\u6d4b\u8bd5\u6d88\u606f"},"options":{"sendno":309558039,"apns_production":false}}, times:1
Send POST https://api.jpush.cn/v3/schedules/, body:{"name":"\u6bcf\u592914\u70b9\u53d1\u9001\u7684\u5b9a\u65f6\u4efb\u52a1","enabled":true,"trigger":{"periodical":{"start":"2018-12-06 05:00:00","end":"2018-12-07 12:00:00","time":"10:00:00","time_unit":"DAY","frequency":1}},"push":{"platform":"all","audience":"all","notification":{"alert":"\u8fd9\u662f\u6d4b\u8bd5\u6d88\u606f\u8fd9\u662f\u6d4b\u8bd5\u6d88\u606f\u8fd9\u662f\u6d4b\u8bd5\u6d88\u606f"},"options":{"sendno":852567787,"apns_production":false}}}, times:1
Send POST https://api.jpush.cn/v3/schedules/, body:{"name":"\u6bcf\u592914\u70b9\u53d1\u9001\u7684\u5b9a\u65f6\u4efb\u52a1","enabled":true,"trigger":{"periodical":{"start":"2018-12-06 05:00:00","end":"2018-12-07 12:00:00","time":"10:00:00","time_unit":"DAY","frequency":1}},"push":{"platform":"all","audience":"all","notification":{"alert":"\u8fd9\u662f\u6d4b\u8bd5\u6d88\u606f\u8fd9\u662f\u6d4b\u8bd5\u6d88\u606f\u8fd9\u662f\u6d4b\u8bd5\u6d88\u606f"},"options":{"sendno":515864929,"apns_production":false}}}, times:1
Send POST https://api.jpush.cn/v3/schedules/, body:{"name":"\u6bcf\u592910:15:00\u70b9\u53d1\u9001\u7684\u5b9a\u65f6\u4efb\u52a1","enabled":true,"trigger":{"periodical":{"start":"2018-12-06 00:00:00","end":"2018-12-09 12:00:00","time":"10:15:00","time_unit":"DAY","frequency":1}},"push":{"platform":"all","audience":"all","notification":{"alert":"\u6d4b\u8bd5\u662f\u4e0d\u662f\u5b9a\u65f6\u63a8\u9001\u7684"},"options":{"sendno":744442227,"apns_production":false}}}, times:1
Send POST https://api.jpush.cn/v3/schedules/, body:{"name":"\u6bcf\u592910:15:00\u70b9\u53d1\u9001\u7684\u5b9a\u65f6\u4efb\u52a1","enabled":true,"trigger":{"periodical":{"start":"2018-12-06 00:00:00","end":"2018-12-09 12:00:00","time":"10:15:00","time_unit":"DAY","frequency":1}},"push":{"platform":"all","audience":"all","notification":{"alert":"\u6d4b\u8bd5\u662f\u4e0d\u662f\u5b9a\u65f6\u63a8\u9001\u7684"},"options":{"sendno":1658905218,"apns_production":false}}}, times:1
Send POST https://api.jpush.cn/v3/schedules/, body:{"name":"\u6bcf\u592910:15:00\u70b9\u53d1\u9001\u7684\u5b9a\u65f6\u4efb\u52a1","enabled":true,"trigger":{"periodical":{"start":"2018-12-06 00:00:00","end":"2018-12-09 12:00:00","time":"10:15:00","time_unit":"DAY","frequency":1}},"push":{"platform":"all","audience":"all","notification":{"alert":"\u6d4b\u8bd5\u662f\u4e0d\u662f\u5b9a\u65f6\u63a8\u9001\u7684"},"options":{"sendno":1154489712,"apns_production":false}}}, times:1
Send POST https://api.jpush.cn/v3/schedules/, body:{"name":"\u6bcf\u592910:15:00\u70b9\u53d1\u9001\u7684\u5b9a\u65f6\u4efb\u52a1","enabled":true,"trigger":{"periodical":{"start":"2018-12-06 00:00:00","end":"2018-12-09 12:00:00","time":"10:15:00","time_unit":"DAY","frequency":1}},"push":{"platform":"all","audience":"all","notification":{"alert":"\u6d4b\u8bd5\u662f\u4e0d\u662f\u5b9a\u65f6\u63a8\u9001\u7684"},"options":{"sendno":2032588870,"apns_production":false}}}, times:1
Send POST https://api.jpush.cn/v3/schedules/, body:{"name":"\u6bcf\u5929\u53d1\u9001\u7684\u5b9a\u65f6\u4efb\u52a1","enabled":true,"trigger":{"periodical":{"start":"2018-12-06 00:00:00","end":"2018-12-09 12:00:00","time":"10:15:00","time_unit":"DAY","frequency":1}},"push":{"platform":"all","audience":"all","notification":{"alert":"\u6d4b\u8bd5\u662f\u4e0d\u662f\u5b9a\u65f6\u63a8\u9001\u7684"},"options":{"sendno":1443027872,"apns_production":false}}}, times:1
Send POST https://api.jpush.cn/v3/schedules/, body:{"name":"\u6bcf\u592913-00-00\u53d1\u9001\u7684\u5b9a\u65f6\u4efb\u52a1","enabled":true,"trigger":{"periodical":{"start":"2018-12-03 00:00:00","end":"2018-12-05 00:00:00","time":"13:00:00","time_unit":"DAY","frequency":1}},"push":{"platform":"all","audience":"all","notification":{"alert":"\u8fd9\u662f\u6d4b\u8bd5\u6d88\u606f"},"options":{"sendno":1620644129,"apns_production":false}}}, times:1
Send POST https://api.jpush.cn/v3/schedules/, body:{"name":"\u6bcf\u5929\u53d1\u9001\u7684\u5b9a\u65f6\u4efb\u52a1\u662f2","enabled":true,"trigger":{"periodical":{"start":"2018-12-06 00:00:00","end":"2018-12-09 12:00:00","time":"10:16:00","time_unit":"DAY","frequency":1}},"push":{"platform":"all","audience":"all","notification":{"alert":"\u6d4b\u8bd5\u662f\u4e0d\u662f\u5b9a\u65f6\u63a8\u9001\u7684"},"options":{"sendno":520541123,"apns_production":false}}}, times:1
Send DELETE https://api.jpush.cn/v3/schedules//c72d7062-f918-11e8-a892-fa163e8eb280, body:null, times:1
Send DELETE https://api.jpush.cn/v3/schedules//c72d7062-f918-11e8-a892-fa163e8eb280, body:null, times:1
Send POST https://api.jpush.cn/v3/schedules/, body:{"name":"\u6bcf\u5929\u53d1\u9001\u7684\u5b9a\u65f6\u4efb\u52a1\u662f2","enabled":true,"trigger":{"periodical":{"start":"2018-12-06 00:00:00","end":"2018-12-09 12:00:00","time":"10:15:00","time_unit":"DAY","frequency":1}},"push":{"platform":"all","audience":"all","notification":{"alert":"\u6d4b\u8bd5\u662f\u4e0d\u662f\u5b9a\u65f6\u63a8\u9001\u7684"},"options":{"sendno":32456923,"apns_production":false}}}, times:1
Send POST https://api.jpush.cn/v3/schedules/, body:{"name":"\u6bcf\u5929\u53d1\u9001\u7684\u5b9a\u65f6\u4efb\u52a1\u662f1","enabled":true,"trigger":{"periodical":{"start":"2018-12-06 00:00:00","end":"2018-12-09 12:00:00","time":"09:30:00","time_unit":"DAY","frequency":1}},"push":{"platform":"all","audience":"all","notification":{"alert":"\u8fd9\u662f\u6d4b\u8bd5\u6d88\u606f"},"options":{"sendno":729881707,"apns_production":false}}}, times:1
Send POST https://api.jpush.cn/v3/push, body:{"platform":"all","audience":"all","notification":{"alert":"\u8fd9\u662f\u6d4b\u8bd5\u6d88\u606f"},"options":{"sendno":1483885348,"apns_production":false}}, times:1
Send POST https://api.jpush.cn/v3/push, body:{"platform":"all","audience":"all","notification":{"alert":"\u8fd9\u662f\u6d4b\u8bd5\u6d88\u606f1"},"options":{"sendno":2121729346,"apns_production":false}}, times:1
Send GET https://api.jpush.cn/v3/schedules/?page=1, body:null, times:1
Send GET https://api.jpush.cn/v3/schedules/?page=1, body:null, times:1
Send POST https://api.jpush.cn/v3/push, body:{"platform":"all","audience":"all","notification":{"alert":"\u8fd9\u662f\u6d4b\u8bd5\u6d88\u606f1"},"options":{"sendno":608093915,"apns_production":false}}, times:1
Send GET https://api.jpush.cn/v3/schedules/?page=1, body:null, times:1
Send GET https://api.jpush.cn/v3/schedules/?page=1, body:null, times:1
Send GET https://api.jpush.cn/v3/schedules/?page=1, body:null, times:1
Send GET https://api.jpush.cn/v3/schedules/?page=1, body:null, times:1
Send GET https://api.jpush.cn/v3/schedules/?page=1, body:null, times:1
Send GET https://api.jpush.cn/v3/schedules/?page=1, body:null, times:1
Send GET https://api.jpush.cn/v3/schedules/?page=1, body:null, times:1
Send DELETE https://api.jpush.cn/v3/schedules//74a2d076-f918-11e8-b16f-0021f6b7a702, body:null, times:1
Send GET https://api.jpush.cn/v3/schedules/?page=1, body:null, times:1
Send DELETE https://api.jpush.cn/v3/schedules//d22eca0a-f905-11e8-be49-0021f6b55802, body:null, times:1
Send GET https://api.jpush.cn/v3/schedules/?page=1, body:null, times:1
Send POST https://api.jpush.cn/v3/push, body:{"platform":"all","audience":"all","notification":{"alert":"\u8fd9\u662f\u6d4b\u8bd5\u6d88\u606f,\u65b0\u63a8"},"options":{"sendno":1625853402,"apns_production":false}}, times:1
Send GET https://report.jpush.cn/v3/received?msg_ids=1270189303, body:null, times:1
Send GET https://report.jpush.cn/v3/received?msg_ids=1270189303, body:null, times:1
Send GET https://report.jpush.cn/v3/received?msg_ids=1270189303, body:null, times:1
Send GET https://report.jpush.cn/v3/received?msg_ids=1270189303, body:null, times:1
Send GET https://api.jpush.cn/v3/schedules/?page=1, body:null, times:1
Send GET https://report.jpush.cn/v3/received?msg_ids=1270189303, body:null, times:1
Send GET https://api.jpush.cn/v3/schedules/?page=1, body:null, times:1
Send GET https://api.jpush.cn/v3/schedules/?page=1, body:null, times:1
Send POST https://api.jpush.cn/v3/push, body:{"platform":"all","audience":"all","notification":{"alert":"\u738b\u521a\u7684\u6d88\u606f\u738b\u521a\u7684\u6d88\u606f\u738b\u521a\u7684\u6d88\u606f"},"options":{"sendno":1841800251,"apns_production":false}}, times:1
